2025-01-01 10:10:10,016 - DEBUG - Logging setup complete.
2025-01-01 10:10:10,017 - DEBUG - Fetching star IDs from MAST catalog...
2025-01-01 10:10:10,017 - DEBUG - Starting query...
2025-01-01 10:10:10,019 - DEBUG - Starting new HTTPS connection (1): mast.stsci.edu:443
2025-01-01 10:10:10,516 - DEBUG - https://mast.stsci.edu:443 "POST /portal/Mashup/Mashup.asmx/columnsconfig HTTP/11" 200 None
2025-01-01 10:10:10,768 - DEBUG - https://mast.stsci.edu:443 "POST /api/v0/invoke HTTP/11" 200 None
2025-01-01 10:10:18,703 - DEBUG - https://mast.stsci.edu:443 "POST /api/v0/invoke HTTP/11" 200 None
2025-01-01 10:10:47,843 - DEBUG - Query completed in 37.83 seconds.
2025-01-01 10:10:47,881 - DEBUG - Sample of fetched star IDs:     ID   
---------
269400564
181694706
 29055294
 30072900
141422008
2025-01-01 10:10:47,881 - DEBUG - Successfully fetched 14252 stars from TIC.
2025-01-01 10:10:47,884 - DEBUG - Saving star IDs to file...
2025-01-01 10:10:47,930 - DEBUG - Saving star ID: TIC 269400564
2025-01-01 10:10:47,932 - DEBUG - Star IDs saved successfully.
2025-01-01 10:10:47,933 - DEBUG - Triggering fetch_star_data.py...
2025-01-01 10:11:51,409 - DEBUG - Successfully triggered fetch_star_data.py
